<?xml version="1.0" encoding="UTF-8" standalone="no"?>
<testsuite errors="0" failures="0" name="io.cucumber.core.plugin.JUnitFormatter" skipped="0" tests="12" time="592.753">
<testcase classname="Feature to test registration functionality to Nop Commerce web application" name="SC1- User could register with valid data" time="56.195">
<system-out><![CDATA[Given user is in main page..................................................passed
When choose register tap....................................................passed
And fill all data...........................................................passed
Then navigate to user page..................................................passed
]]></system-out>
</testcase>
<testcase classname="Feature to test login functionality to Nop Commerce web application" name="SC2- User could log in with valid email and password" time="64.023">
<system-out><![CDATA[Given user in login page....................................................passed
When add valid username and password........................................passed
Then navigate to home page..................................................passed
]]></system-out>
</testcase>
<testcase classname="Feature to test password recover functionality to Nop Commerce web application" name="SC3- User could reset his/her password successfully" time="27.574">
<system-out><![CDATA[Given user choose forget password...........................................passed
When fill email and click recovery button...................................passed
Then Confirmation message should appear.....................................passed
]]></system-out>
</testcase>
<testcase classname="Feature to test search functionality to Nop Commerce web application" name="SC4- Logged User could search for any product" time="19.319">
<system-out><![CDATA[Given login to web application..............................................passed
When search for product.....................................................passed
Then results should appear correctly........................................passed
]]></system-out>
</testcase>
<testcase classname="Feature to test Change Currency functionality to Nop Commerce web application" name="SC5- Logged User could switch between currencies US-Euro" time="37.571">
<system-out><![CDATA[Given login to an application...............................................passed
When change current currency to another.....................................passed
Then currency should change correctly.......................................passed
]]></system-out>
</testcase>
<testcase classname="Feature to test Hover and Select Product functionality in Nop Commerce web application" name="SC6- Logged user could select different Categories" time="48.117">
<system-out><![CDATA[Given login to Application..................................................passed
When Hover over any category and select subcategory.........................passed
Then sub category page should appear correctly..............................passed
]]></system-out>
</testcase>
<testcase classname="Feature to test filter Products with color functionality in Nop Commerce web application" name="SC7- Logged user could filter with color" time="66.674">
<system-out><![CDATA[Given login to nop application..............................................passed
When select subcategory and filter with specific color......................passed
Then filtered results should appear correctly...............................passed
]]></system-out>
</testcase>
<testcase classname="Feature to test select different tags in Nop Commerce web application" name="SC8- Logged user could select different tags" time="35.359">
<system-out><![CDATA[Given login to application..................................................passed
When select hover Computers categories and select Notebooks sub category....passed
Then Notebooks page should start correctly..................................passed
And select hover Apparel categories and select Shoes sub category...........passed
Then Shoes page should appear correctly.....................................passed
]]></system-out>
</testcase>
<testcase classname="Feature to test add different products to shopping card in Nop Commerce web application" name="SC9- Logged user could add different products to Shopping cart" time="72.996">
<system-out><![CDATA[Given login correctly.......................................................passed
When add one product from Notebooks in computer category to shopping card...passed
And add one product from Shoes in Apparel category to shopping card.........passed
Then the selected two products should added and appear correctly in shopping card.passed
]]></system-out>
</testcase>
<testcase classname="Feature to test add different products to White List in Nop Commerce web application" name="SC10- Logged user could add different products to Wishlist" time="47.789">
<system-out><![CDATA[Given login correctly to app................................................passed
When add one product from Notebooks in computer category to Wish List.......passed
And add one product from Shoes in Apparel category to Wish List.............passed
Then the selected two products should added correctly.......................passed
]]></system-out>
</testcase>
<testcase classname="Feature to test add different products to Compare List in Nop Commerce web application" name="SC11- Logged user could add different products to compare list" time="37.857">
<system-out><![CDATA[Given login Successfully....................................................passed
When add one product from Notebooks in computer category to Compare List....passed
And add one product from Shoes in Apparel category to Compare List..........passed
Then the selected two products should added and appear correctly............passed
]]></system-out>
</testcase>
<testcase classname="Feature to Create Successful Order in Nop Commerce web application" name="SC12- Create successful Order" time="77.391">
<system-out><![CDATA[Given login Successfully to Application.....................................passed
When click go to card button and complete checkout..........................passed
Then order should be created successfully...................................passed
]]></system-out>
</testcase>
</testsuite>
